Determining if files unistd.h exist failed with the following output:
Change Dir: C:/Users/XIAOCHUYANG/Desktop/6.21 hw9 debug/out/build/x64-Debug/CMakeFiles/CMakeTmp

Run Build Command(s):C:/Program Files/Microsoft Visual Studio/2022/Community/Common7/IDE/CommonExtensions/Microsoft/CMake/Ninja/ninja.exe cmTC_487cc && [1/2] Building C object CMakeFiles\cmTC_487cc.dir\HAVE_UNISTD_H.c.obj
FAILED: CMakeFiles/cmTC_487cc.dir/HAVE_UNISTD_H.c.obj 
C:\PROGRA~1\MIB055~1\2022\COMMUN~1\VC\Tools\MSVC\1432~1.313\bin\Hostx64\x64\cl.exe  /nologo   /DWIN32 /D_WINDOWS  /Zi /Ob0 /Od /RTC1 -MDd /showIncludes /FoCMakeFiles\cmTC_487cc.dir\HAVE_UNISTD_H.c.obj /FdCMakeFiles\cmTC_487cc.dir\ /FS -c "C:\Users\XIAOCHUYANG\Desktop\6.21 hw9 debug\out\build\x64-Debug\CMakeFiles\CheckIncludeFiles\HAVE_UNISTD_H.c"
C:\Users\XIAOCHUYANG\Desktop\6.21 hw9 debug\out\build\x64-Debug\CMakeFiles\CheckIncludeFiles\HAVE_UNISTD_H.c(2): fatal error C1083: 无法打开包括文件: “unistd.h”: No such file or directory
ninja: build stopped: subcommand failed.


Source:
/* */
#include <unistd.h>


int main(void){return 0;}

Determining if files sys/time.h exist failed with the following output:
Change Dir: C:/Users/XIAOCHUYANG/Desktop/6.21 hw9 debug/out/build/x64-Debug/CMakeFiles/CMakeTmp

Run Build Command(s):C:/Program Files/Microsoft Visual Studio/2022/Community/Common7/IDE/CommonExtensions/Microsoft/CMake/Ninja/ninja.exe cmTC_e9af3 && [1/2] Building C object CMakeFiles\cmTC_e9af3.dir\HAVE_SYS_TIME_H.c.obj
FAILED: CMakeFiles/cmTC_e9af3.dir/HAVE_SYS_TIME_H.c.obj 
C:\PROGRA~1\MIB055~1\2022\COMMUN~1\VC\Tools\MSVC\1432~1.313\bin\Hostx64\x64\cl.exe  /nologo   /DWIN32 /D_WINDOWS  /Zi /Ob0 /Od /RTC1 -MDd /showIncludes /FoCMakeFiles\cmTC_e9af3.dir\HAVE_SYS_TIME_H.c.obj /FdCMakeFiles\cmTC_e9af3.dir\ /FS -c "C:\Users\XIAOCHUYANG\Desktop\6.21 hw9 debug\out\build\x64-Debug\CMakeFiles\CheckIncludeFiles\HAVE_SYS_TIME_H.c"
C:\Users\XIAOCHUYANG\Desktop\6.21 hw9 debug\out\build\x64-Debug\CMakeFiles\CheckIncludeFiles\HAVE_SYS_TIME_H.c(2): fatal error C1083: 无法打开包括文件: “sys/time.h”: No such file or directory
ninja: build stopped: subcommand failed.


Source:
/* */
#include <sys/time.h>


int main(void){return 0;}

Determining if files sys/param.h exist failed with the following output:
Change Dir: C:/Users/XIAOCHUYANG/Desktop/6.21 hw9 debug/out/build/x64-Debug/CMakeFiles/CMakeTmp

Run Build Command(s):C:/Program Files/Microsoft Visual Studio/2022/Community/Common7/IDE/CommonExtensions/Microsoft/CMake/Ninja/ninja.exe cmTC_991f5 && [1/2] Building C object CMakeFiles\cmTC_991f5.dir\HAVE_SYS_PARAM_H.c.obj
FAILED: CMakeFiles/cmTC_991f5.dir/HAVE_SYS_PARAM_H.c.obj 
C:\PROGRA~1\MIB055~1\2022\COMMUN~1\VC\Tools\MSVC\1432~1.313\bin\Hostx64\x64\cl.exe  /nologo   /DWIN32 /D_WINDOWS  /Zi /Ob0 /Od /RTC1 -MDd /showIncludes /FoCMakeFiles\cmTC_991f5.dir\HAVE_SYS_PARAM_H.c.obj /FdCMakeFiles\cmTC_991f5.dir\ /FS -c "C:\Users\XIAOCHUYANG\Desktop\6.21 hw9 debug\out\build\x64-Debug\CMakeFiles\CheckIncludeFiles\HAVE_SYS_PARAM_H.c"
C:\Users\XIAOCHUYANG\Desktop\6.21 hw9 debug\out\build\x64-Debug\CMakeFiles\CheckIncludeFiles\HAVE_SYS_PARAM_H.c(2): fatal error C1083: 无法打开包括文件: “sys/param.h”: No such file or directory
ninja: build stopped: subcommand failed.


Source:
/* */
#include <sys/param.h>


int main(void){return 0;}

Determining if files sys/ioctl.h exist failed with the following output:
Change Dir: C:/Users/XIAOCHUYANG/Desktop/6.21 hw9 debug/out/build/x64-Debug/CMakeFiles/CMakeTmp

Run Build Command(s):C:/Program Files/Microsoft Visual Studio/2022/Community/Common7/IDE/CommonExtensions/Microsoft/CMake/Ninja/ninja.exe cmTC_d8566 && [1/2] Building C object CMakeFiles\cmTC_d8566.dir\HAVE_SYS_IOCTL_H.c.obj
FAILED: CMakeFiles/cmTC_d8566.dir/HAVE_SYS_IOCTL_H.c.obj 
C:\PROGRA~1\MIB055~1\2022\COMMUN~1\VC\Tools\MSVC\1432~1.313\bin\Hostx64\x64\cl.exe  /nologo   /DWIN32 /D_WINDOWS  /Zi /Ob0 /Od /RTC1 -MDd /showIncludes /FoCMakeFiles\cmTC_d8566.dir\HAVE_SYS_IOCTL_H.c.obj /FdCMakeFiles\cmTC_d8566.dir\ /FS -c "C:\Users\XIAOCHUYANG\Desktop\6.21 hw9 debug\out\build\x64-Debug\CMakeFiles\CheckIncludeFiles\HAVE_SYS_IOCTL_H.c"
C:\Users\XIAOCHUYANG\Desktop\6.21 hw9 debug\out\build\x64-Debug\CMakeFiles\CheckIncludeFiles\HAVE_SYS_IOCTL_H.c(2): fatal error C1083: 无法打开包括文件: “sys/ioctl.h”: No such file or directory
ninja: build stopped: subcommand failed.


Source:
/* */
#include <sys/ioctl.h>


int main(void){return 0;}

Determining if files usbhid.h exist failed with the following output:
Change Dir: C:/Users/XIAOCHUYANG/Desktop/6.21 hw9 debug/out/build/x64-Debug/CMakeFiles/CMakeTmp

Run Build Command(s):C:/Program Files/Microsoft Visual Studio/2022/Community/Common7/IDE/CommonExtensions/Microsoft/CMake/Ninja/ninja.exe cmTC_3b0ac && [1/2] Building C object CMakeFiles\cmTC_3b0ac.dir\HAVE_USBHID_H.c.obj
FAILED: CMakeFiles/cmTC_3b0ac.dir/HAVE_USBHID_H.c.obj 
C:\PROGRA~1\MIB055~1\2022\COMMUN~1\VC\Tools\MSVC\1432~1.313\bin\Hostx64\x64\cl.exe  /nologo   /DWIN32 /D_WINDOWS  /Zi /Ob0 /Od /RTC1 -MDd /showIncludes /FoCMakeFiles\cmTC_3b0ac.dir\HAVE_USBHID_H.c.obj /FdCMakeFiles\cmTC_3b0ac.dir\ /FS -c "C:\Users\XIAOCHUYANG\Desktop\6.21 hw9 debug\out\build\x64-Debug\CMakeFiles\CheckIncludeFiles\HAVE_USBHID_H.c"
C:\Users\XIAOCHUYANG\Desktop\6.21 hw9 debug\out\build\x64-Debug\CMakeFiles\CheckIncludeFiles\HAVE_USBHID_H.c(2): fatal error C1083: 无法打开包括文件: “usbhid.h”: No such file or directory
ninja: build stopped: subcommand failed.


Source:
/* */
#include <usbhid.h>


int main(void){return 0;}

Determining if the function gettimeofday exists failed with the following output:
Change Dir: C:/Users/XIAOCHUYANG/Desktop/6.21 hw9 debug/out/build/x64-Debug/CMakeFiles/CMakeTmp

Run Build Command(s):C:/Program Files/Microsoft Visual Studio/2022/Community/Common7/IDE/CommonExtensions/Microsoft/CMake/Ninja/ninja.exe cmTC_35a81 && [1/2] Building C object CMakeFiles\cmTC_35a81.dir\CheckFunctionExists.c.obj
[2/2] Linking C executable cmTC_35a81.exe
FAILED: cmTC_35a81.exe 
cmd.exe /C "cd . && "C:\Program Files\Microsoft Visual Studio\2022\Community\Common7\IDE\CommonExtensions\Microsoft\CMake\CMake\bin\cmake.exe" -E vs_link_exe --intdir=CMakeFiles\cmTC_35a81.dir --rc=C:\PROGRA~2\WI3CF2~1\10\bin\100190~1.0\x64\rc.exe --mt=C:\PROGRA~2\WI3CF2~1\10\bin\100190~1.0\x64\mt.exe --manifests  -- C:\PROGRA~1\MIB055~1\2022\COMMUN~1\VC\Tools\MSVC\1432~1.313\bin\Hostx64\x64\link.exe /nologo CMakeFiles\cmTC_35a81.dir\CheckFunctionExists.c.obj  /out:cmTC_35a81.exe /implib:cmTC_35a81.lib /pdb:cmTC_35a81.pdb /version:0.0 /machine:x64  /debug /INCREMENTAL /subsystem:console  kernel32.lib user32.lib gdi32.lib winspool.lib shell32.lib ole32.lib oleaut32.lib uuid.lib comdlg32.lib advapi32.lib && cd ."
LINK Pass 1: command "C:\PROGRA~1\MIB055~1\2022\COMMUN~1\VC\Tools\MSVC\1432~1.313\bin\Hostx64\x64\link.exe /nologo CMakeFiles\cmTC_35a81.dir\CheckFunctionExists.c.obj /out:cmTC_35a81.exe /implib:cmTC_35a81.lib /pdb:cmTC_35a81.pdb /version:0.0 /machine:x64 /debug /INCREMENTAL /subsystem:console kernel32.lib user32.lib gdi32.lib winspool.lib shell32.lib ole32.lib oleaut32.lib uuid.lib comdlg32.lib advapi32.lib /MANIFEST /MANIFESTFILE:CMakeFiles\cmTC_35a81.dir/intermediate.manifest CMakeFiles\cmTC_35a81.dir/manifest.res" failed (exit code 1120) with the following output:
CheckFunctionExists.c.obj : error LNK2019: 无法解析的外部符号 gettimeofday，函数 main 中引用了该符号
cmTC_35a81.exe : fatal error LNK1120: 1 个无法解析的外部命令
ninja: build stopped: subcommand failed.



Determining if the function XParseGeometry exists failed with the following output:
Change Dir: C:/Users/XIAOCHUYANG/Desktop/6.21 hw9 debug/out/build/x64-Debug/CMakeFiles/CMakeTmp

Run Build Command(s):C:/Program Files/Microsoft Visual Studio/2022/Community/Common7/IDE/CommonExtensions/Microsoft/CMake/Ninja/ninja.exe cmTC_0ed7a && [1/2] Building C object CMakeFiles\cmTC_0ed7a.dir\CheckFunctionExists.c.obj
[2/2] Linking C executable cmTC_0ed7a.exe
FAILED: cmTC_0ed7a.exe 
cmd.exe /C "cd . && "C:\Program Files\Microsoft Visual Studio\2022\Community\Common7\IDE\CommonExtensions\Microsoft\CMake\CMake\bin\cmake.exe" -E vs_link_exe --intdir=CMakeFiles\cmTC_0ed7a.dir --rc=C:\PROGRA~2\WI3CF2~1\10\bin\100190~1.0\x64\rc.exe --mt=C:\PROGRA~2\WI3CF2~1\10\bin\100190~1.0\x64\mt.exe --manifests  -- C:\PROGRA~1\MIB055~1\2022\COMMUN~1\VC\Tools\MSVC\1432~1.313\bin\Hostx64\x64\link.exe /nologo CMakeFiles\cmTC_0ed7a.dir\CheckFunctionExists.c.obj  /out:cmTC_0ed7a.exe /implib:cmTC_0ed7a.lib /pdb:cmTC_0ed7a.pdb /version:0.0 /machine:x64  /debug /INCREMENTAL /subsystem:console  kernel32.lib user32.lib gdi32.lib winspool.lib shell32.lib ole32.lib oleaut32.lib uuid.lib comdlg32.lib advapi32.lib && cd ."
LINK Pass 1: command "C:\PROGRA~1\MIB055~1\2022\COMMUN~1\VC\Tools\MSVC\1432~1.313\bin\Hostx64\x64\link.exe /nologo CMakeFiles\cmTC_0ed7a.dir\CheckFunctionExists.c.obj /out:cmTC_0ed7a.exe /implib:cmTC_0ed7a.lib /pdb:cmTC_0ed7a.pdb /version:0.0 /machine:x64 /debug /INCREMENTAL /subsystem:console kernel32.lib user32.lib gdi32.lib winspool.lib shell32.lib ole32.lib oleaut32.lib uuid.lib comdlg32.lib advapi32.lib /MANIFEST /MANIFESTFILE:CMakeFiles\cmTC_0ed7a.dir/intermediate.manifest CMakeFiles\cmTC_0ed7a.dir/manifest.res" failed (exit code 1120) with the following output:
CheckFunctionExists.c.obj : error LNK2019: 无法解析的外部符号 XParseGeometry，函数 main 中引用了该符号
cmTC_0ed7a.exe : fatal error LNK1120: 1 个无法解析的外部命令
ninja: build stopped: subcommand failed.



